{"name": "test_login_without_entering_any_field", "status": "failed", "statusDetails": {"message": "AssertionError: assert False\n +  where False = <method-wrapper '__eq__' of str object at 0x0000021C0644DA70>('Warning: You must agree to the Privacy Policy123')\n +    where <method-wrapper '__eq__' of str object at 0x0000021C0644DA70> = 'Warning: You must agree to the Privacy Policy!'.__eq__\n +      where 'Warning: You must agree to the Privacy Policy!' = <bound method RegisterPage.retrive_warning_message of <pageobjects.RegisterPage.RegisterPage object at 0x0000021C06460B50>>()\n +        where <bound method RegisterPage.retrive_warning_message of <pageobjects.RegisterPage.RegisterPage object at 0x0000021C06460B50>> = <pageobjects.RegisterPage.RegisterPage object at 0x0000021C06460B50>.retrive_warning_message", "trace": "self = <test_Register.TestReister object at 0x0000021C06402AD0>\n\n    def test_login_without_entering_any_field(self):\n        home_page = HomePage(self.driver)\n        register_page = home_page.navigate_to_register_page()\n        register_page.register_an_account(\"\", \"\", \"\", \"\",\n                                          \"\", \"\", \"\", \"\")\n        expected_text = \"Warning: You must agree to the Privacy Policy123\"\n>       assert register_page.retrive_warning_message().__eq__(expected_text)\nE       AssertionError: assert False\nE        +  where False = <method-wrapper '__eq__' of str object at 0x0000021C0644DA70>('Warning: You must agree to the Privacy Policy123')\nE        +    where <method-wrapper '__eq__' of str object at 0x0000021C0644DA70> = 'Warning: You must agree to the Privacy Policy!'.__eq__\nE        +      where 'Warning: You must agree to the Privacy Policy!' = <bound method RegisterPage.retrive_warning_message of <pageobjects.RegisterPage.RegisterPage object at 0x0000021C06460B50>>()\nE        +        where <bound method RegisterPage.retrive_warning_message of <pageobjects.RegisterPage.RegisterPage object at 0x0000021C06460B50>> = <pageobjects.RegisterPage.RegisterPage object at 0x0000021C06460B50>.retrive_warning_message\n\ntests\\test_Register.py:37: AssertionError"}, "start": 1697960324137, "stop": 1697960327041, "uuid": "9bfcaf56-cb1f-46c4-930f-572b301086f9", "historyId": "038472bddadbbaaa0c93833a544b92bb", "testCaseId": "038472bddadbbaaa0c93833a544b92bb", "fullName": "tests.test_Register.TestReister#test_login_without_entering_any_field", "labels": [{"name": "tag", "value": "@pytest.mark.usefixtures('setup_and_teardown', 'log_on_failure')"}, {"name": "parentSuite", "value": "tests"}, {"name": "suite", "value": "test_Register"}, {"name": "subSuite", "value": "TestReister"}, {"name": "host", "value": "soumya"}, {"name": "thread", "value": "25984-MainThread"}, {"name": "framework", "value": "pytest"}, {"name": "language", "value": "cpython3"}, {"name": "package", "value": "tests.test_Register"}]}